<?xml version="1.0" encoding="UTF-8"?>
<testsuite xmlns:xsi="http://www.w3.org/2001/XMLSchema-instance" xsi:noNamespaceSchemaLocation="https://maven.apache.org/surefire/maven-surefire-plugin/xsd/surefire-test-report.xsd" name="ru.netology.stats.StatsServiceTest" time="0.015" tests="6" errors="0" skipped="0" failures="0">
  <properties>
[...]
</properties>
  <testcase name="sumOfAll" classname="ru.netology.stats.StatsServiceTest" time="0.006"/>
  <testcase name="monthsWithBelowAverageSales" classname="ru.netology.stats.StatsServiceTest" time="0"/>
  <testcase name="averageAmountOfSalesPerMonth" classname="ru.netology.stats.StatsServiceTest" time="0.002"/>
  <testcase name="monthWithTheMaximumSales" classname="ru.netology.stats.StatsServiceTest" time="0.001"/>
  <testcase name="monthsWithAboveAverageSales" classname="ru.netology.stats.StatsServiceTest" time="0.001"/>
  <testcase name="monthWithTheMinimumSales" classname="ru.netology.stats.StatsServiceTest" time="0"/>
</testsuite>